  stdafx.cpp
  ship.cpp
D:\Университет\2 семестр\Информатика\win32_ship\win32_ship\ship.cpp(15,27): warning C4838: Преобразование из "double" в "LONG" требует сужающего преобразования.
D:\Университет\2 семестр\Информатика\win32_ship\win32_ship\ship.cpp(15,27): warning C4244: инициализация: преобразование "double" в "LONG", возможна потеря данных
D:\Университет\2 семестр\Информатика\win32_ship\win32_ship\ship.cpp(16,5): warning C4838: Преобразование из "double" в "LONG" требует сужающего преобразования.
D:\Университет\2 семестр\Информатика\win32_ship\win32_ship\ship.cpp(16,5): warning C4244: инициализация: преобразование "double" в "LONG", возможна потеря данных
D:\Университет\2 семестр\Информатика\win32_ship\win32_ship\ship.cpp(17,4): warning C4838: Преобразование из "double" в "LONG" требует сужающего преобразования.
D:\Университет\2 семестр\Информатика\win32_ship\win32_ship\ship.cpp(17,4): warning C4244: инициализация: преобразование "double" в "LONG", возможна потеря данных
D:\Университет\2 семестр\Информатика\win32_ship\win32_ship\ship.cpp(17,12): warning C4838: Преобразование из "double" в "LONG" требует сужающего преобразования.
D:\Университет\2 семестр\Информатика\win32_ship\win32_ship\ship.cpp(17,12): warning C4244: инициализация: преобразование "double" в "LONG", возможна потеря данных
D:\Университет\2 семестр\Информатика\win32_ship\win32_ship\ship.cpp(18,4): warning C4838: Преобразование из "double" в "LONG" требует сужающего преобразования.
D:\Университет\2 семестр\Информатика\win32_ship\win32_ship\ship.cpp(18,4): warning C4244: инициализация: преобразование "double" в "LONG", возможна потеря данных
D:\Университет\2 семестр\Информатика\win32_ship\win32_ship\ship.cpp(19,3): warning C4838: Преобразование из "double" в "LONG" требует сужающего преобразования.
D:\Университет\2 семестр\Информатика\win32_ship\win32_ship\ship.cpp(19,3): warning C4244: инициализация: преобразование "double" в "LONG", возможна потеря данных
D:\Университет\2 семестр\Информатика\win32_ship\win32_ship\ship.cpp(26,19): warning C4838: Преобразование из "double" в "LONG" требует сужающего преобразования.
D:\Университет\2 семестр\Информатика\win32_ship\win32_ship\ship.cpp(26,19): warning C4244: инициализация: преобразование "double" в "LONG", возможна потеря данных
D:\Университет\2 семестр\Информатика\win32_ship\win32_ship\ship.cpp(26,27): warning C4838: Преобразование из "double" в "LONG" требует сужающего преобразования.
D:\Университет\2 семестр\Информатика\win32_ship\win32_ship\ship.cpp(26,27): warning C4244: инициализация: преобразование "double" в "LONG", возможна потеря данных
D:\Университет\2 семестр\Информатика\win32_ship\win32_ship\ship.cpp(27,3): warning C4838: Преобразование из "double" в "LONG" требует сужающего преобразования.
D:\Университет\2 семестр\Информатика\win32_ship\win32_ship\ship.cpp(27,3): warning C4244: инициализация: преобразование "double" в "LONG", возможна потеря данных
D:\Университет\2 семестр\Информатика\win32_ship\win32_ship\ship.cpp(27,11): warning C4838: Преобразование из "double" в "LONG" требует сужающего преобразования.
D:\Университет\2 семестр\Информатика\win32_ship\win32_ship\ship.cpp(27,11): warning C4244: инициализация: преобразование "double" в "LONG", возможна потеря данных
D:\Университет\2 семестр\Информатика\win32_ship\win32_ship\ship.cpp(28,3): warning C4838: Преобразование из "double" в "LONG" требует сужающего преобразования.
D:\Университет\2 семестр\Информатика\win32_ship\win32_ship\ship.cpp(28,3): warning C4244: инициализация: преобразование "double" в "LONG", возможна потеря данных
D:\Университет\2 семестр\Информатика\win32_ship\win32_ship\ship.cpp(28,11): warning C4838: Преобразование из "double" в "LONG" требует сужающего преобразования.
D:\Университет\2 семестр\Информатика\win32_ship\win32_ship\ship.cpp(28,11): warning C4244: инициализация: преобразование "double" в "LONG", возможна потеря данных
D:\Университет\2 семестр\Информатика\win32_ship\win32_ship\ship.cpp(29,20): warning C4244: инициализация: преобразование "double" в "int", возможна потеря данных
D:\Университет\2 семестр\Информатика\win32_ship\win32_ship\ship.cpp(38,20): warning C4838: Преобразование из "double" в "LONG" требует сужающего преобразования.
D:\Университет\2 семестр\Информатика\win32_ship\win32_ship\ship.cpp(38,20): warning C4244: инициализация: преобразование "double" в "LONG", возможна потеря данных
D:\Университет\2 семестр\Информатика\win32_ship\win32_ship\ship.cpp(38,28): warning C4838: Преобразование из "double" в "LONG" требует сужающего преобразования.
D:\Университет\2 семестр\Информатика\win32_ship\win32_ship\ship.cpp(38,28): warning C4244: инициализация: преобразование "double" в "LONG", возможна потеря данных
D:\Университет\2 семестр\Информатика\win32_ship\win32_ship\ship.cpp(39,3): warning C4838: Преобразование из "double" в "LONG" требует сужающего преобразования.
D:\Университет\2 семестр\Информатика\win32_ship\win32_ship\ship.cpp(39,3): warning C4244: инициализация: преобразование "double" в "LONG", возможна потеря данных
D:\Университет\2 семестр\Информатика\win32_ship\win32_ship\ship.cpp(39,12): warning C4838: Преобразование из "double" в "LONG" требует сужающего преобразования.
D:\Университет\2 семестр\Информатика\win32_ship\win32_ship\ship.cpp(39,12): warning C4244: инициализация: преобразование "double" в "LONG", возможна потеря данных
D:\Университет\2 семестр\Информатика\win32_ship\win32_ship\ship.cpp(40,4): warning C4838: Преобразование из "double" в "LONG" требует сужающего преобразования.
D:\Университет\2 семестр\Информатика\win32_ship\win32_ship\ship.cpp(40,4): warning C4244: инициализация: преобразование "double" в "LONG", возможна потеря данных
D:\Университет\2 семестр\Информатика\win32_ship\win32_ship\ship.cpp(40,12): warning C4838: Преобразование из "double" в "LONG" требует сужающего преобразования.
D:\Университет\2 семестр\Информатика\win32_ship\win32_ship\ship.cpp(40,12): warning C4244: инициализация: преобразование "double" в "LONG", возможна потеря данных
D:\Университет\2 семестр\Информатика\win32_ship\win32_ship\ship.cpp(47,28): warning C4244: аргумент: преобразование "double" в "int", возможна потеря данных
D:\Университет\2 семестр\Информатика\win32_ship\win32_ship\ship.cpp(47,20): warning C4244: аргумент: преобразование "double" в "int", возможна потеря данных
D:\Университет\2 семестр\Информатика\win32_ship\win32_ship\ship.cpp(47,11): warning C4244: аргумент: преобразование "double" в "int", возможна потеря данных
D:\Университет\2 семестр\Информатика\win32_ship\win32_ship\ship.cpp(47,3): warning C4244: аргумент: преобразование "double" в "int", возможна потеря данных
D:\Университет\2 семестр\Информатика\win32_ship\win32_ship\ship.cpp(46,39): warning C4244: аргумент: преобразование "double" в "int", возможна потеря данных
D:\Университет\2 семестр\Информатика\win32_ship\win32_ship\ship.cpp(46,31): warning C4244: аргумент: преобразование "double" в "int", возможна потеря данных
D:\Университет\2 семестр\Информатика\win32_ship\win32_ship\ship.cpp(46,21): warning C4244: аргумент: преобразование "double" в "int", возможна потеря данных
D:\Университет\2 семестр\Информатика\win32_ship\win32_ship\ship.cpp(46,13): warning C4244: аргумент: преобразование "double" в "int", возможна потеря данных
D:\Университет\2 семестр\Информатика\win32_ship\win32_ship\ship.cpp(51,11): warning C4244: аргумент: преобразование "double" в "int", возможна потеря данных
D:\Университет\2 семестр\Информатика\win32_ship\win32_ship\ship.cpp(51,2): warning C4244: аргумент: преобразование "double" в "int", возможна потеря данных
D:\Университет\2 семестр\Информатика\win32_ship\win32_ship\ship.cpp(50,48): warning C4244: аргумент: преобразование "double" в "int", возможна потеря данных
D:\Университет\2 семестр\Информатика\win32_ship\win32_ship\ship.cpp(50,38): warning C4244: аргумент: преобразование "double" в "int", возможна потеря данных
D:\Университет\2 семестр\Информатика\win32_ship\win32_ship\ship.cpp(53,11): warning C4244: аргумент: преобразование "double" в "int", возможна потеря данных
D:\Университет\2 семестр\Информатика\win32_ship\win32_ship\ship.cpp(53,2): warning C4244: аргумент: преобразование "double" в "int", возможна потеря данных
D:\Университет\2 семестр\Информатика\win32_ship\win32_ship\ship.cpp(52,50): warning C4244: аргумент: преобразование "double" в "int", возможна потеря данных
D:\Университет\2 семестр\Информатика\win32_ship\win32_ship\ship.cpp(52,40): warning C4244: аргумент: преобразование "double" в "int", возможна потеря данных
D:\Университет\2 семестр\Информатика\win32_ship\win32_ship\ship.cpp(75,19): warning C4838: Преобразование из "double" в "LONG" требует сужающего преобразования.
D:\Университет\2 семестр\Информатика\win32_ship\win32_ship\ship.cpp(75,19): warning C4244: инициализация: преобразование "double" в "LONG", возможна потеря данных
D:\Университет\2 семестр\Информатика\win32_ship\win32_ship\ship.cpp(75,29): warning C4838: Преобразование из "double" в "LONG" требует сужающего преобразования.
D:\Университет\2 семестр\Информатика\win32_ship\win32_ship\ship.cpp(75,29): warning C4244: инициализация: преобразование "double" в "LONG", возможна потеря данных
D:\Университет\2 семестр\Информатика\win32_ship\win32_ship\ship.cpp(75,41): warning C4838: Преобразование из "double" в "LONG" требует сужающего преобразования.
D:\Университет\2 семестр\Информатика\win32_ship\win32_ship\ship.cpp(75,41): warning C4244: инициализация: преобразование "double" в "LONG", возможна потеря данных
D:\Университет\2 семестр\Информатика\win32_ship\win32_ship\ship.cpp(75,51): warning C4838: Преобразование из "double" в "LONG" требует сужающего преобразования.
D:\Университет\2 семестр\Информатика\win32_ship\win32_ship\ship.cpp(75,51): warning C4244: инициализация: преобразование "double" в "LONG", возможна потеря данных
D:\Университет\2 семестр\Информатика\win32_ship\win32_ship\ship.cpp(76,4): warning C4838: Преобразование из "double" в "LONG" требует сужающего преобразования.
D:\Университет\2 семестр\Информатика\win32_ship\win32_ship\ship.cpp(76,4): warning C4244: инициализация: преобразование "double" в "LONG", возможна потеря данных
D:\Университет\2 семестр\Информатика\win32_ship\win32_ship\ship.cpp(76,14): warning C4838: Преобразование из "double" в "LONG" требует сужающего преобразования.
D:\Университет\2 семестр\Информатика\win32_ship\win32_ship\ship.cpp(76,14): warning C4244: инициализация: преобразование "double" в "LONG", возможна потеря данных
D:\Университет\2 семестр\Информатика\win32_ship\win32_ship\ship.cpp(76,26): warning C4838: Преобразование из "double" в "LONG" требует сужающего преобразования.
D:\Университет\2 семестр\Информатика\win32_ship\win32_ship\ship.cpp(76,26): warning C4244: инициализация: преобразование "double" в "LONG", возможна потеря данных
D:\Университет\2 семестр\Информатика\win32_ship\win32_ship\ship.cpp(77,4): warning C4838: Преобразование из "double" в "LONG" требует сужающего преобразования.
D:\Университет\2 семестр\Информатика\win32_ship\win32_ship\ship.cpp(77,4): warning C4244: инициализация: преобразование "double" в "LONG", возможна потеря данных
D:\Университет\2 семестр\Информатика\win32_ship\win32_ship\ship.cpp(77,14): warning C4838: Преобразование из "double" в "LONG" требует сужающего преобразования.
D:\Университет\2 семестр\Информатика\win32_ship\win32_ship\ship.cpp(77,14): warning C4244: инициализация: преобразование "double" в "LONG", возможна потеря данных
D:\Университет\2 семестр\Информатика\win32_ship\win32_ship\ship.cpp(82,30): warning C4244: аргумент: преобразование "double" в "int", возможна потеря данных
D:\Университет\2 семестр\Информатика\win32_ship\win32_ship\ship.cpp(82,16): warning C4244: аргумент: преобразование "double" в "int", возможна потеря данных
D:\Университет\2 семестр\Информатика\win32_ship\win32_ship\ship.cpp(83,23): warning C4244: аргумент: преобразование "double" в "int", возможна потеря данных
D:\Университет\2 семестр\Информатика\win32_ship\win32_ship\ship.cpp(83,14): warning C4244: аргумент: преобразование "double" в "int", возможна потеря данных
  win32_ship.cpp
  Создание кода...
  win32_ship.vcxproj -> D:\Университет\2 семестр\Информатика\win32_ship\Debug\win32_ship.exe
